<?xml version="1.0" encoding="UTF-8" ?>
<testsuite 
errors="0" failures="0" hostname="MacBook-Pro-7.local" name="karthik.proj.NReduceEngineSpec" tests="9" time="30.416" timestamp="2017-06-09T05:22:14">
  <properties>
    <property name="java.runtime.name" value="Java(TM) SE Runtime Environment">
    </property>
    <property 
    name="sun.boot.library.path" value="/Library/Java/JavaVirtualMachines/jdk1.8.0_91.jdk/Contents/Home/jre/lib">
</property>
    <property name="java.vm.version" value="25.91-b14"> </property>
    <property name="gopherProxySet" value="false"> </property>
    <property name="java.vm.vendor" value="Oracle Corporation"> </property>
    <property name="java.vendor.url" value="http://java.oracle.com/">
    </property>
    <property name="path.separator" value=":"> </property>
    <property name="java.vm.name" value="Java HotSpot(TM) 64-Bit Server VM">
    </property>
    <property name="file.encoding.pkg" value="sun.io"> </property>
    <property name="user.country" value="US"> </property>
    <property name="sun.java.launcher" value="SUN_STANDARD"> </property>
    <property name="sun.os.patch.level" value="unknown"> </property>
    <property 
    name="java.vm.specification.name" value="Java Virtual Machine Specification">
</property>
    <property 
    name="user.dir" value="/Users/ksubramanian/Documents/personal/courses/programming_language/project/lambdawork">
</property>
    <property name="java.runtime.version" value="1.8.0_91-b14"> </property>
    <property name="java.awt.graphicsenv" value="sun.awt.CGraphicsEnvironment">
    </property>
    <property 
    name="basedir" value="/Users/ksubramanian/Documents/personal/courses/programming_language/project/lambdawork">
</property>
    <property 
    name="java.endorsed.dirs" value="/Library/Java/JavaVirtualMachines/jdk1.8.0_91.jdk/Contents/Home/jre/lib/endorsed">
</property>
    <property name="os.arch" value="x86_64"> </property>
    <property 
    name="java.io.tmpdir" value="/var/folders/cz/hd0c574s3q79ltd5k1vkl3tw0000gr/T/">
</property>
    <property name="line.separator" value=" "> </property>
    <property name="java.vm.specification.vendor" value="Oracle Corporation">
    </property>
    <property name="os.name" value="Mac OS X"> </property>
    <property name="sun.jnu.encoding" value="UTF-8"> </property>
    <property 
    name="java.library.path" value="/Users/ksubramanian/Library/Java/Extensions:/Library/Java/Extensions:/Network/Library/Java/Extensions:/System/Library/Java/Extensions:/usr/lib/java:.">
</property>
    <property 
    name="java.specification.name" value="Java Platform API Specification">
</property>
    <property name="java.class.version" value="52.0"> </property>
    <property 
    name="sun.management.compiler" value="HotSpot 64-Bit Tiered Compilers">
</property>
    <property name="os.version" value="10.12.5"> </property>
    <property 
    name="http.nonProxyHosts" value="local|*.local|169.254/16|*.169.254/16">
</property>
    <property name="user.home" value="/Users/ksubramanian"> </property>
    <property name="user.timezone" value=""> </property>
    <property name="java.awt.printerjob" value="sun.lwawt.macosx.CPrinterJob">
    </property>
    <property name="file.encoding" value="UTF-8"> </property>
    <property name="java.specification.version" value="1.8"> </property>
    <property name="user.name" value="ksubramanian"> </property>
    <property 
    name="java.class.path" value="/Users/ksubramanian/Documents/personal/courses/programming_language/project/lambdawork/target/test-classes:/Users/ksubramanian/Documents/personal/courses/programming_language/project/lambdawork/target/classes:/Users/ksubramanian/.m2/repository/org/antlr/antlr4-runtime/4.6/antlr4-runtime-4.6.jar:/Users/ksubramanian/.m2/repository/org/scala-lang/scala-library/2.11.8/scala-library-2.11.8.jar:/Users/ksubramanian/.m2/repository/org/scala-lang/scala-reflect/2.11.8/scala-reflect-2.11.8.jar:/Users/ksubramanian/.m2/repository/org/scala-lang/scala-parser-combinators/2.11.0-M4/scala-parser-combinators-2.11.0-M4.jar:/Users/ksubramanian/.m2/repository/org/scalatest/scalatest_2.11/2.2.6/scalatest_2.11-2.2.6.jar:/Users/ksubramanian/.m2/repository/org/scala-lang/modules/scala-xml_2.11/1.0.2/scala-xml_2.11-1.0.2.jar:/Users/ksubramanian/.m2/repository/com/typesafe/scala-logging/scala-logging_2.11/3.5.0/scala-logging_2.11-3.5.0.jar:/Users/ksubramanian/.m2/repository/org/slf4j/slf4j-api/1.7.21/slf4j-api-1.7.21.jar:/Users/ksubramanian/.m2/repository/org/slf4j/slf4j-jdk14/1.7.25/slf4j-jdk14-1.7.25.jar:/Users/ksubramanian/.m2/repository/com/typesafe/akka/akka-actor_2.11/2.3.11/akka-actor_2.11-2.3.11.jar:/Users/ksubramanian/.m2/repository/com/typesafe/config/1.2.1/config-1.2.1.jar:/Users/ksubramanian/.m2/repository/org/backuity/ansi-interpolator_2.11/1.0/ansi-interpolator_2.11-1.0.jar:/Users/ksubramanian/.m2/repository/junit/junit/4.12/junit-4.12.jar:/Users/ksubramanian/.m2/repository/org/hamcrest/hamcrest-core/1.3/hamcrest-core-1.3.jar:/Users/ksubramanian/.m2/repository/com/typesafe/akka/akka-testkit_2.11/2.5.2/akka-testkit_2.11-2.5.2.jar:/Users/ksubramanian/.m2/repository/org/specs2/specs2-core_2.11/3.8.8/specs2-core_2.11-3.8.8.jar:/Users/ksubramanian/.m2/repository/org/specs2/specs2-matcher_2.11/3.8.8/specs2-matcher_2.11-3.8.8.jar:/Users/ksubramanian/.m2/repository/org/specs2/specs2-common_2.11/3.8.8/specs2-common_2.11-3.8.8.jar:/Users/ksubramanian/.m2/repository/org/scalaz/scalaz-core_2.11/7.2.7/scalaz-core_2.11-7.2.7.jar:/Users/ksubramanian/.m2/repository/org/scalaz/scalaz-effect_2.11/7.2.7/scalaz-effect_2.11-7.2.7.jar:/Users/ksubramanian/.m2/repository/org/scala-lang/modules/scala-parser-combinators_2.11/1.0.4/scala-parser-combinators_2.11-1.0.4.jar">
</property>
    <property name="java.vm.specification.version" value="1.8"> </property>
    <property name="sun.arch.data.model" value="64"> </property>
    <property 
    name="java.home" value="/Library/Java/JavaVirtualMachines/jdk1.8.0_91.jdk/Contents/Home/jre">
</property>
    <property 
    name="sun.java.command" value="org.scalatest.tools.Runner -R /Users/ksubramanian/Documents/personal/courses/programming_language/project/lambdawork/target/classes /Users/ksubramanian/Documents/personal/courses/programming_language/project/lambdawork/target/test-classes -o -fWDF /Users/ksubramanian/Documents/personal/courses/programming_language/project/lambdawork/target/surefire-reports/TestSuite.txt -u /Users/ksubramanian/Documents/personal/courses/programming_language/project/lambdawork/target/surefire-reports/.">
</property>
    <property name="java.specification.vendor" value="Oracle Corporation">
    </property>
    <property name="user.language" value="en"> </property>
    <property name="awt.toolkit" value="sun.lwawt.macosx.LWCToolkit">
    </property>
    <property name="java.vm.info" value="mixed mode"> </property>
    <property name="java.version" value="1.8.0_91"> </property>
    <property 
    name="java.ext.dirs" value="/Users/ksubramanian/Library/Java/Extensions:/Library/Java/JavaVirtualMachines/jdk1.8.0_91.jdk/Contents/Home/jre/lib/ext:/Library/Java/Extensions:/Network/Library/Java/Extensions:/System/Library/Java/Extensions:/usr/lib/java">
</property>
    <property 
    name="sun.boot.class.path" value="/Library/Java/JavaVirtualMachines/jdk1.8.0_91.jdk/Contents/Home/jre/lib/resources.jar:/Library/Java/JavaVirtualMachines/jdk1.8.0_91.jdk/Contents/Home/jre/lib/rt.jar:/Library/Java/JavaVirtualMachines/jdk1.8.0_91.jdk/Contents/Home/jre/lib/sunrsasign.jar:/Library/Java/JavaVirtualMachines/jdk1.8.0_91.jdk/Contents/Home/jre/lib/jsse.jar:/Library/Java/JavaVirtualMachines/jdk1.8.0_91.jdk/Contents/Home/jre/lib/jce.jar:/Library/Java/JavaVirtualMachines/jdk1.8.0_91.jdk/Contents/Home/jre/lib/charsets.jar:/Library/Java/JavaVirtualMachines/jdk1.8.0_91.jdk/Contents/Home/jre/lib/jfr.jar:/Library/Java/JavaVirtualMachines/jdk1.8.0_91.jdk/Contents/Home/jre/classes">
</property>
    <property name="java.vendor" value="Oracle Corporation"> </property>
    <property name="file.separator" value="/"> </property>
    <property 
    name="java.vendor.url.bug" value="http://bugreport.sun.com/bugreport/">
</property>
    <property name="sun.cpu.endian" value="little"> </property>
    <property name="sun.io.unicode.encoding" value="UnicodeBig"> </property>
    <property 
    name="socksNonProxyHosts" value="local|*.local|169.254/16|*.169.254/16">
</property>
    <property 
    name="ftp.nonProxyHosts" value="local|*.local|169.254/16|*.169.254/16">
</property>
    <property name="sun.cpu.isalist" value=""> </property>
  </properties>
  <testcase 
  name="NReduceEngine should execute simple string constant expression" classname="karthik.proj.NReduceEngineSpec" time="0.142">
</testcase>
  <testcase 
  name="NReduceEngine should execute simple numeric constant expression" classname="karthik.proj.NReduceEngineSpec" time="0.011">
</testcase>
  <testcase 
  name="NReduceEngine should execute simple cons expression" classname="karthik.proj.NReduceEngineSpec" time="0.01">
</testcase>
  <testcase 
  name="NReduceEngine should execute simple apply expression" classname="karthik.proj.NReduceEngineSpec" time="0.005">
</testcase>
  <testcase 
  name="NReduceEngine should execute simple lambda expression" classname="karthik.proj.NReduceEngineSpec" time="0.007">
</testcase>
  <testcase 
  name="NReduceEngine should execute simple call by value redex" classname="karthik.proj.NReduceEngineSpec" time="0.01">
</testcase>
  <testcase 
  name="NReduceEngine should execute connect function call" classname="karthik.proj.NReduceEngineSpec" time="3.045">
</testcase>
  <testcase 
  name="NReduceEngine should execute multiple statement connect function call" classname="karthik.proj.NReduceEngineSpec" time="3.02">
</testcase>
  <testcase 
  name="NReduceEngine should execute complex connect function call" classname="karthik.proj.NReduceEngineSpec" time="24.13">
</testcase>
  <system-out><![CDATA[]]></system-out>
  <system-err><![CDATA[]]></system-err>
</testsuite>
